<?xml version="1.0" encoding="UTF-8"?>
<!-- Generated by org.testng.reporters.JUnitReportReporter -->
<testsuite hostname="DESKTOP-469MOAN" failures="0" tests="1" name="testsuites.Login" time="5.358" errors="0" timestamp="2024-02-24T01:29:48 IST" skipped="0">
  <testcase classname="testsuites.Login" name="test1" time="5.358"/>
</testsuite> <!-- testsuites.Login -->
